Release 14.7 Map P.20131013 (nt64)
Xilinx Mapping Report File for Design 'bram'

Design Information
------------------
Command Line   : map -intstyle ise -p xc5vlx110t-ff1136-1 -w -logic_opt off -ol
high -t 1 -register_duplication off -global_opt off -mt off -cm area -ir off -pr
off -lc off -power off -o bram_map.ncd bram.ngd bram.pcf 
Target Device  : xc5vlx110t
Target Package : ff1136
Target Speed   : -1
Mapper Version : virtex5 -- $Revision: 1.55 $
Mapped Date    : Wed Oct 08 22:09:40 2014

Design Summary
--------------
Number of errors:      0
Number of warnings:    0
Slice Logic Utilization:
  Number of Slice Registers:                 4,096 out of  69,120    5%
    Number used as Flip Flops:               4,096
  Number of Slice LUTs:                      8,183 out of  69,120   11%
    Number used as logic:                    8,183 out of  69,120   11%
      Number using O6 output only:           7,894
      Number using O5 and O6:                  289

Slice Logic Distribution:
  Number of occupied Slices:                 2,902 out of  17,280   16%
  Number of LUT Flip Flop pairs used:        8,183
    Number with an unused Flip Flop:         4,087 out of   8,183   49%
    Number with an unused LUT:                   0 out of   8,183    0%
    Number of fully used LUT-FF pairs:       4,096 out of   8,183   50%
    Number of unique control sets:             512
    Number of slice register sites lost
      to control set restrictions:               0 out of  69,120    0%

  A LUT Flip Flop pair for this architecture represents one LUT paired with
  one Flip Flop within a slice.  A control set is a unique combination of
  clock, reset, set, and enable signals for a registered element.
  The Slice Logic Distribution report is not meaningful if the design is
  over-mapped for a non-slice resource or if Placement fails.
  OVERMAPPING of BRAM resources should be ignored if the design is
  over-mapped for a non-BRAM resource or if placement fails.

IO Utilization:
  Number of bonded IOBs:                        56 out of     640    8%

Specific Feature Utilization:
  Number of BUFG/BUFGCTRLs:                      1 out of      32    3%
    Number used as BUFGs:                        1

Average Fanout of Non-Clock Nets:                5.21

Peak Memory Usage:  652 MB
Total REAL time to MAP completion:  24 secs 
Total CPU time to MAP completion:   24 secs 

Table of Contents
-----------------
Section 1 - Errors
Section 2 - Warnings
Section 3 - Informational
Section 4 - Removed Logic Summary
Section 5 - Removed Logic
Section 6 - IOB Properties
Section 7 - RPMs
Section 8 - Guide Report
Section 9 - Area Group and Partition Summary
Section 10 - Timing Report
Section 11 - Configuration String Information
Section 12 - Control Set Information
Section 13 - Utilization by Hierarchy

Section 1 - Errors
------------------

Section 2 - Warnings
--------------------

Section 3 - Informational
-------------------------
INFO:LIT:243 - Logical network addra<14> has no load.
INFO:LIT:395 - The above info message is repeated 11 more times for the
   following (max. 5 shown):
   addra<13>,
   addra<12>,
   addra<11>,
   addra<10>,
   addra<9>
   To see the details of these info messages, please use the -detail switch.
INFO:MapLib:562 - No environment variables are currently set.
INFO:LIT:244 - All of the single ended outputs in this design are using slew
   rate limited output drivers. The delay on speed critical single ended outputs
   can be dramatically reduced by designating them as fast outputs.
INFO:Pack:1716 - Initializing temperature to 85.000 Celsius. (default - Range:
   0.000 to 85.000 Celsius)
INFO:Pack:1720 - Initializing voltage to 0.950 Volts. (default - Range: 0.950 to
   1.050 Volts)
INFO:Map:215 - The Interim Design Summary has been generated in the MAP Report
   (.mrp).
INFO:Pack:1650 - Map created a placed design.

Section 4 - Removed Logic Summary
---------------------------------

Section 5 - Removed Logic
-------------------------

To enable printing of redundant blocks removed and signals merged, set the
detailed map report option and rerun map.

Section 6 - IOB Properties
--------------------------

+---------------------------------------------------------------------------------------------------------------------------------------------------------+
| IOB Name                           | Type             | Direction | IO Standard          | Diff  | Drive    | Slew | Reg (s)      | Resistor | IOB      |
|                                    |                  |           |                      | Term  | Strength | Rate |              |          | Delay    |
+---------------------------------------------------------------------------------------------------------------------------------------------------------+
| addra<0>                           | IOB              | INPUT     | LVCMOS25             |       |          |      |              |          |          |
| addra<1>                           | IOB              | INPUT     | LVCMOS25             |       |          |      |              |          |          |
| addra<2>                           | IOB              | INPUT     | LVCMOS25             |       |          |      |              |          |          |
| addra<3>                           | IOB              | INPUT     | LVCMOS25             |       |          |      |              |          |          |
| addra<4>                           | IOB              | INPUT     | LVCMOS25             |       |          |      |              |          |          |
| addra<5>                           | IOB              | INPUT     | LVCMOS25             |       |          |      |              |          |          |
| addra<6>                           | IOB              | INPUT     | LVCMOS25             |       |          |      |              |          |          |
| addra<7>                           | IOB              | INPUT     | LVCMOS25             |       |          |      |              |          |          |
| addra<8>                           | IOB              | INPUT     | LVCMOS25             |       |          |      |              |          |          |
| addrb<0>                           | IOB              | INPUT     | LVCMOS25             |       |          |      |              |          |          |
| addrb<1>                           | IOB              | INPUT     | LVCMOS25             |       |          |      |              |          |          |
| addrb<2>                           | IOB              | INPUT     | LVCMOS25             |       |          |      |              |          |          |
| addrb<3>                           | IOB              | INPUT     | LVCMOS25             |       |          |      |              |          |          |
| addrb<4>                           | IOB              | INPUT     | LVCMOS25             |       |          |      |              |          |          |
| addrb<5>                           | IOB              | INPUT     | LVCMOS25             |       |          |      |              |          |          |
| addrb<6>                           | IOB              | INPUT     | LVCMOS25             |       |          |      |              |          |          |
| addrb<7>                           | IOB              | INPUT     | LVCMOS25             |       |          |      |              |          |          |
| addrb<8>                           | IOB              | INPUT     | LVCMOS25             |       |          |      |              |          |          |
| clka                               | IOB              | INPUT     | LVCMOS25             |       |          |      |              |          |          |
| dina<0>                            | IOB              | INPUT     | LVCMOS25             |       |          |      |              |          |          |
| dina<1>                            | IOB              | INPUT     | LVCMOS25             |       |          |      |              |          |          |
| dina<2>                            | IOB              | INPUT     | LVCMOS25             |       |          |      |              |          |          |
| dina<3>                            | IOB              | INPUT     | LVCMOS25             |       |          |      |              |          |          |
| dina<4>                            | IOB              | INPUT     | LVCMOS25             |       |          |      |              |          |          |
| dina<5>                            | IOB              | INPUT     | LVCMOS25             |       |          |      |              |          |          |
| dina<6>                            | IOB              | INPUT     | LVCMOS25             |       |          |      |              |          |          |
| dina<7>                            | IOB              | INPUT     | LVCMOS25             |       |          |      |              |          |          |
| dinb<0>                            | IOB              | INPUT     | LVCMOS25             |       |          |      |              |          |          |
| dinb<1>                            | IOB              | INPUT     | LVCMOS25             |       |          |      |              |          |          |
| dinb<2>                            | IOB              | INPUT     | LVCMOS25             |       |          |      |              |          |          |
| dinb<3>                            | IOB              | INPUT     | LVCMOS25             |       |          |      |              |          |          |
| dinb<4>                            | IOB              | INPUT     | LVCMOS25             |       |          |      |              |          |          |
| dinb<5>                            | IOB              | INPUT     | LVCMOS25             |       |          |      |              |          |          |
| dinb<6>                            | IOB              | INPUT     | LVCMOS25             |       |          |      |              |          |          |
| dinb<7>                            | IOB              | INPUT     | LVCMOS25             |       |          |      |              |          |          |
| douta<0>                           | IOB              | OUTPUT    | LVCMOS25             |       | 12       | SLOW |              |          |          |
| douta<1>                           | IOB              | OUTPUT    | LVCMOS25             |       | 12       | SLOW |              |          |          |
| douta<2>                           | IOB              | OUTPUT    | LVCMOS25             |       | 12       | SLOW |              |          |          |
| douta<3>                           | IOB              | OUTPUT    | LVCMOS25             |       | 12       | SLOW |              |          |          |
| douta<4>                           | IOB              | OUTPUT    | LVCMOS25             |       | 12       | SLOW |              |          |          |
| douta<5>                           | IOB              | OUTPUT    | LVCMOS25             |       | 12       | SLOW |              |          |          |
| douta<6>                           | IOB              | OUTPUT    | LVCMOS25             |       | 12       | SLOW |              |          |          |
| douta<7>                           | IOB              | OUTPUT    | LVCMOS25             |       | 12       | SLOW |              |          |          |
| doutb<0>                           | IOB              | OUTPUT    | LVCMOS25             |       | 12       | SLOW |              |          |          |
| doutb<1>                           | IOB              | OUTPUT    | LVCMOS25             |       | 12       | SLOW |              |          |          |
| doutb<2>                           | IOB              | OUTPUT    | LVCMOS25             |       | 12       | SLOW |              |          |          |
| doutb<3>                           | IOB              | OUTPUT    | LVCMOS25             |       | 12       | SLOW |              |          |          |
| doutb<4>                           | IOB              | OUTPUT    | LVCMOS25             |       | 12       | SLOW |              |          |          |
| doutb<5>                           | IOB              | OUTPUT    | LVCMOS25             |       | 12       | SLOW |              |          |          |
| doutb<6>                           | IOB              | OUTPUT    | LVCMOS25             |       | 12       | SLOW |              |          |          |
| doutb<7>                           | IOB              | OUTPUT    | LVCMOS25             |       | 12       | SLOW |              |          |          |
| ena                                | IOB              | INPUT     | LVCMOS25             |       |          |      |              |          |          |
| enb                                | IOB              | INPUT     | LVCMOS25             |       |          |      |              |          |          |
| rsta                               | IOB              | INPUT     | LVCMOS25             |       |          |      |              |          |          |
| wea<0>                             | IOB              | INPUT     | LVCMOS25             |       |          |      |              |          |          |
| web<0>                             | IOB              | INPUT     | LVCMOS25             |       |          |      |              |          |          |
+---------------------------------------------------------------------------------------------------------------------------------------------------------+

Section 7 - RPMs
----------------

Section 8 - Guide Report
------------------------
Guide not run on this design.

Section 9 - Area Group and Partition Summary
--------------------------------------------

Partition Implementation Status
-------------------------------

  No Partitions were found in this design.

-------------------------------

Area Group Information
----------------------

  No area groups were found in this design.

----------------------

Section 10 - Timing Report
--------------------------
A logic-level (pre-route) timing report can be generated by using Xilinx static
timing analysis tools, Timing Analyzer (GUI) or TRCE (command line), with the
mapped NCD and PCF files. Please note that this timing report will be generated
using estimated delay information. For accurate numbers, please generate a
timing report with the post Place and Route NCD file.

For more information about the Timing Analyzer, consult the Xilinx Timing
Analyzer Reference Manual; for more information about TRCE, consult the Xilinx
Command Line Tools User Guide "TRACE" chapter.

Section 11 - Configuration String Details
-----------------------------------------
Use the "-detail" map option to print out Configuration Strings

Section 12 - Control Set Information
------------------------------------
Use the "-detail" map option to print out Control Set Information.

Section 13 - Utilization by Hierarchy
-------------------------------------
Use the "-detail" map option to print out the Utilization by Hierarchy section.
