Release 14.7 Map P.20131013 (nt64)
Xilinx Mapping Report File for Design 'cpu'

Design Information
------------------
Command Line   : map -intstyle ise -p xc5vlx110t-ff1136-1 -w -logic_opt off -ol
high -t 1 -register_duplication off -global_opt off -mt off -cm area -ir off -pr
off -lc off -power off -o cpu_map.ncd cpu.ngd cpu.pcf 
Target Device  : xc5vlx110t
Target Package : ff1136
Target Speed   : -1
Mapper Version : virtex5 -- $Revision: 1.55 $
Mapped Date    : Sun Oct 05 15:41:22 2014

Design Summary
--------------
Number of errors:      0
Number of warnings:    0
Slice Logic Utilization:
  Number of Slice Registers:                 1,182 out of  69,120    1%
    Number used as Flip Flops:               1,182
  Number of Slice LUTs:                      1,780 out of  69,120    2%
    Number used as logic:                    1,779 out of  69,120    2%
      Number using O6 output only:           1,767
      Number using O5 and O6:                   12
    Number used as exclusive route-thru:         1
  Number of route-thrus:                         1
    Number using O6 output only:                 1

Slice Logic Distribution:
  Number of occupied Slices:                 1,036 out of  17,280    5%
  Number of LUT Flip Flop pairs used:        2,682
    Number with an unused Flip Flop:         1,500 out of   2,682   55%
    Number with an unused LUT:                 902 out of   2,682   33%
    Number of fully used LUT-FF pairs:         280 out of   2,682   10%
    Number of unique control sets:             141
    Number of slice register sites lost
      to control set restrictions:              18 out of  69,120    1%

  A LUT Flip Flop pair for this architecture represents one LUT paired with
  one Flip Flop within a slice.  A control set is a unique combination of
  clock, reset, set, and enable signals for a registered element.
  The Slice Logic Distribution report is not meaningful if the design is
  over-mapped for a non-slice resource or if Placement fails.
  OVERMAPPING of BRAM resources should be ignored if the design is
  over-mapped for a non-BRAM resource or if placement fails.

IO Utilization:
  Number of bonded IOBs:                       199 out of     640   31%

Specific Feature Utilization:
  Number of BUFG/BUFGCTRLs:                      1 out of      32    3%
    Number used as BUFGs:                        1

Average Fanout of Non-Clock Nets:                4.55

Peak Memory Usage:  643 MB
Total REAL time to MAP completion:  36 secs 
Total CPU time to MAP completion:   35 secs 

Table of Contents
-----------------
Section 1 - Errors
Section 2 - Warnings
Section 3 - Informational
Section 4 - Removed Logic Summary
Section 5 - Removed Logic
Section 6 - IOB Properties
Section 7 - RPMs
Section 8 - Guide Report
Section 9 - Area Group and Partition Summary
Section 10 - Timing Report
Section 11 - Configuration String Information
Section 12 - Control Set Information
Section 13 - Utilization by Hierarchy

Section 1 - Errors
------------------

Section 2 - Warnings
--------------------

Section 3 - Informational
-------------------------
INFO:MapLib:562 - No environment variables are currently set.
INFO:LIT:244 - All of the single ended outputs in this design are using slew
   rate limited output drivers. The delay on speed critical single ended outputs
   can be dramatically reduced by designating them as fast outputs.
INFO:Pack:1716 - Initializing temperature to 85.000 Celsius. (default - Range:
   0.000 to 85.000 Celsius)
INFO:Pack:1720 - Initializing voltage to 0.950 Volts. (default - Range: 0.950 to
   1.050 Volts)
INFO:Map:215 - The Interim Design Summary has been generated in the MAP Report
   (.mrp).
INFO:Pack:1650 - Map created a placed design.

Section 4 - Removed Logic Summary
---------------------------------
   2 block(s) optimized away

Section 5 - Removed Logic
-------------------------

Optimized Block(s):
TYPE 		BLOCK
GND 		XST_GND
VCC 		XST_VCC

To enable printing of redundant blocks removed and signals merged, set the
detailed map report option and rerun map.

Section 6 - IOB Properties
--------------------------

+---------------------------------------------------------------------------------------------------------------------------------------------------------+
| IOB Name                           | Type             | Direction | IO Standard          | Diff  | Drive    | Slew | Reg (s)      | Resistor | IOB      |
|                                    |                  |           |                      | Term  | Strength | Rate |              |          | Delay    |
+---------------------------------------------------------------------------------------------------------------------------------------------------------+
| A_data<0>                          | IOB              | OUTPUT    | LVCMOS25             |       | 12       | SLOW |              |          |          |
| A_data<1>                          | IOB              | OUTPUT    | LVCMOS25             |       | 12       | SLOW |              |          |          |
| A_data<2>                          | IOB              | OUTPUT    | LVCMOS25             |       | 12       | SLOW |              |          |          |
| A_data<3>                          | IOB              | OUTPUT    | LVCMOS25             |       | 12       | SLOW |              |          |          |
| A_data<4>                          | IOB              | OUTPUT    | LVCMOS25             |       | 12       | SLOW |              |          |          |
| A_data<5>                          | IOB              | OUTPUT    | LVCMOS25             |       | 12       | SLOW |              |          |          |
| A_data<6>                          | IOB              | OUTPUT    | LVCMOS25             |       | 12       | SLOW |              |          |          |
| A_data<7>                          | IOB              | OUTPUT    | LVCMOS25             |       | 12       | SLOW |              |          |          |
| F_data<0>                          | IOB              | OUTPUT    | LVCMOS25             |       | 12       | SLOW |              |          |          |
| F_data<1>                          | IOB              | OUTPUT    | LVCMOS25             |       | 12       | SLOW |              |          |          |
| F_data<2>                          | IOB              | OUTPUT    | LVCMOS25             |       | 12       | SLOW |              |          |          |
| F_data<3>                          | IOB              | OUTPUT    | LVCMOS25             |       | 12       | SLOW |              |          |          |
| F_data<4>                          | IOB              | OUTPUT    | LVCMOS25             |       | 12       | SLOW |              |          |          |
| F_data<5>                          | IOB              | OUTPUT    | LVCMOS25             |       | 12       | SLOW |              |          |          |
| F_data<6>                          | IOB              | OUTPUT    | LVCMOS25             |       | 12       | SLOW |              |          |          |
| F_data<7>                          | IOB              | OUTPUT    | LVCMOS25             |       | 12       | SLOW |              |          |          |
| IE_data<0>                         | IOB              | OUTPUT    | LVCMOS25             |       | 12       | SLOW |              |          |          |
| IE_data<1>                         | IOB              | OUTPUT    | LVCMOS25             |       | 12       | SLOW |              |          |          |
| IE_data<2>                         | IOB              | OUTPUT    | LVCMOS25             |       | 12       | SLOW |              |          |          |
| IE_data<3>                         | IOB              | OUTPUT    | LVCMOS25             |       | 12       | SLOW |              |          |          |
| IE_data<4>                         | IOB              | OUTPUT    | LVCMOS25             |       | 12       | SLOW |              |          |          |
| IE_in<0>                           | IOB              | INPUT     | LVCMOS25             |       |          |      |              |          |          |
| IE_in<1>                           | IOB              | INPUT     | LVCMOS25             |       |          |      |              |          |          |
| IE_in<2>                           | IOB              | INPUT     | LVCMOS25             |       |          |      |              |          |          |
| IE_in<3>                           | IOB              | INPUT     | LVCMOS25             |       |          |      |              |          |          |
| IE_in<4>                           | IOB              | INPUT     | LVCMOS25             |       |          |      |              |          |          |
| IE_load                            | IOB              | INPUT     | LVCMOS25             |       |          |      |              |          |          |
| IF_data<0>                         | IOB              | OUTPUT    | LVCMOS25             |       | 12       | SLOW |              |          |          |
| IF_data<1>                         | IOB              | OUTPUT    | LVCMOS25             |       | 12       | SLOW |              |          |          |
| IF_data<2>                         | IOB              | OUTPUT    | LVCMOS25             |       | 12       | SLOW |              |          |          |
| IF_data<3>                         | IOB              | OUTPUT    | LVCMOS25             |       | 12       | SLOW |              |          |          |
| IF_data<4>                         | IOB              | OUTPUT    | LVCMOS25             |       | 12       | SLOW |              |          |          |
| IF_in<0>                           | IOB              | INPUT     | LVCMOS25             |       |          |      |              |          |          |
| IF_in<1>                           | IOB              | INPUT     | LVCMOS25             |       |          |      |              |          |          |
| IF_in<2>                           | IOB              | INPUT     | LVCMOS25             |       |          |      |              |          |          |
| IF_in<3>                           | IOB              | INPUT     | LVCMOS25             |       |          |      |              |          |          |
| IF_in<4>                           | IOB              | INPUT     | LVCMOS25             |       |          |      |              |          |          |
| IF_load                            | IOB              | INPUT     | LVCMOS25             |       |          |      |              |          |          |
| addr_ext<0>                        | IOB              | BIDIR     | LVCMOS25             |       | 12       | SLOW |              |          |          |
| addr_ext<1>                        | IOB              | BIDIR     | LVCMOS25             |       | 12       | SLOW |              |          |          |
| addr_ext<2>                        | IOB              | BIDIR     | LVCMOS25             |       | 12       | SLOW |              |          |          |
| addr_ext<3>                        | IOB              | BIDIR     | LVCMOS25             |       | 12       | SLOW |              |          |          |
| addr_ext<4>                        | IOB              | BIDIR     | LVCMOS25             |       | 12       | SLOW |              |          |          |
| addr_ext<5>                        | IOB              | BIDIR     | LVCMOS25             |       | 12       | SLOW |              |          |          |
| addr_ext<6>                        | IOB              | BIDIR     | LVCMOS25             |       | 12       | SLOW |              |          |          |
| addr_ext<7>                        | IOB              | BIDIR     | LVCMOS25             |       | 12       | SLOW |              |          |          |
| addr_ext<8>                        | IOB              | BIDIR     | LVCMOS25             |       | 12       | SLOW |              |          |          |
| addr_ext<9>                        | IOB              | BIDIR     | LVCMOS25             |       | 12       | SLOW |              |          |          |
| addr_ext<10>                       | IOB              | BIDIR     | LVCMOS25             |       | 12       | SLOW |              |          |          |
| addr_ext<11>                       | IOB              | BIDIR     | LVCMOS25             |       | 12       | SLOW |              |          |          |
| addr_ext<12>                       | IOB              | BIDIR     | LVCMOS25             |       | 12       | SLOW |              |          |          |
| addr_ext<13>                       | IOB              | BIDIR     | LVCMOS25             |       | 12       | SLOW |              |          |          |
| addr_ext<14>                       | IOB              | BIDIR     | LVCMOS25             |       | 12       | SLOW |              |          |          |
| addr_ext<15>                       | IOB              | BIDIR     | LVCMOS25             |       | 12       | SLOW |              |          |          |
| bp_addr<0>                         | IOB              | INPUT     | LVCMOS25             |       |          |      |              |          |          |
| bp_addr<1>                         | IOB              | INPUT     | LVCMOS25             |       |          |      |              |          |          |
| bp_addr<2>                         | IOB              | INPUT     | LVCMOS25             |       |          |      |              |          |          |
| bp_addr<3>                         | IOB              | INPUT     | LVCMOS25             |       |          |      |              |          |          |
| bp_addr<4>                         | IOB              | INPUT     | LVCMOS25             |       |          |      |              |          |          |
| bp_addr<5>                         | IOB              | INPUT     | LVCMOS25             |       |          |      |              |          |          |
| bp_addr<6>                         | IOB              | INPUT     | LVCMOS25             |       |          |      |              |          |          |
| bp_addr<7>                         | IOB              | INPUT     | LVCMOS25             |       |          |      |              |          |          |
| bp_addr<8>                         | IOB              | INPUT     | LVCMOS25             |       |          |      |              |          |          |
| bp_addr<9>                         | IOB              | INPUT     | LVCMOS25             |       |          |      |              |          |          |
| bp_addr<10>                        | IOB              | INPUT     | LVCMOS25             |       |          |      |              |          |          |
| bp_addr<11>                        | IOB              | INPUT     | LVCMOS25             |       |          |      |              |          |          |
| bp_addr<12>                        | IOB              | INPUT     | LVCMOS25             |       |          |      |              |          |          |
| bp_addr<13>                        | IOB              | INPUT     | LVCMOS25             |       |          |      |              |          |          |
| bp_addr<14>                        | IOB              | INPUT     | LVCMOS25             |       |          |      |              |          |          |
| bp_addr<15>                        | IOB              | INPUT     | LVCMOS25             |       |          |      |              |          |          |
| bp_continue                        | IOB              | INPUT     | LVCMOS25             |       |          |      |              |          |          |
| bp_step                            | IOB              | INPUT     | LVCMOS25             |       |          |      |              |          |          |
| clock                              | IOB              | INPUT     | LVCMOS25             |       |          |      |              |          |          |
| cpu_mem_disable                    | IOB              | INPUT     | LVCMOS25             |       |          |      |              |          |          |
| data_ext<0>                        | IOB              | BIDIR     | LVCMOS25             |       | 12       | SLOW |              |          |          |
| data_ext<1>                        | IOB              | BIDIR     | LVCMOS25             |       | 12       | SLOW |              |          |          |
| data_ext<2>                        | IOB              | BIDIR     | LVCMOS25             |       | 12       | SLOW |              |          |          |
| data_ext<3>                        | IOB              | BIDIR     | LVCMOS25             |       | 12       | SLOW |              |          |          |
| data_ext<4>                        | IOB              | BIDIR     | LVCMOS25             |       | 12       | SLOW |              |          |          |
| data_ext<5>                        | IOB              | BIDIR     | LVCMOS25             |       | 12       | SLOW |              |          |          |
| data_ext<6>                        | IOB              | BIDIR     | LVCMOS25             |       | 12       | SLOW |              |          |          |
| data_ext<7>                        | IOB              | BIDIR     | LVCMOS25             |       | 12       | SLOW |              |          |          |
| debug_halt                         | IOB              | OUTPUT    | LVCMOS25             |       | 12       | SLOW |              |          |          |
| halt                               | IOB              | OUTPUT    | LVCMOS25             |       | 12       | SLOW |              |          |          |
| high_mem_addr<0>                   | IOB              | OUTPUT    | LVCMOS25             |       | 12       | SLOW |              |          |          |
| high_mem_addr<1>                   | IOB              | OUTPUT    | LVCMOS25             |       | 12       | SLOW |              |          |          |
| high_mem_addr<2>                   | IOB              | OUTPUT    | LVCMOS25             |       | 12       | SLOW |              |          |          |
| high_mem_addr<3>                   | IOB              | OUTPUT    | LVCMOS25             |       | 12       | SLOW |              |          |          |
| high_mem_addr<4>                   | IOB              | OUTPUT    | LVCMOS25             |       | 12       | SLOW |              |          |          |
| high_mem_addr<5>                   | IOB              | OUTPUT    | LVCMOS25             |       | 12       | SLOW |              |          |          |
| high_mem_addr<6>                   | IOB              | OUTPUT    | LVCMOS25             |       | 12       | SLOW |              |          |          |
| high_mem_addr<7>                   | IOB              | OUTPUT    | LVCMOS25             |       | 12       | SLOW |              |          |          |
| high_mem_addr<8>                   | IOB              | OUTPUT    | LVCMOS25             |       | 12       | SLOW |              |          |          |
| high_mem_addr<9>                   | IOB              | OUTPUT    | LVCMOS25             |       | 12       | SLOW |              |          |          |
| high_mem_addr<10>                  | IOB              | OUTPUT    | LVCMOS25             |       | 12       | SLOW |              |          |          |
| high_mem_addr<11>                  | IOB              | OUTPUT    | LVCMOS25             |       | 12       | SLOW |              |          |          |
| high_mem_addr<12>                  | IOB              | OUTPUT    | LVCMOS25             |       | 12       | SLOW |              |          |          |
| high_mem_addr<13>                  | IOB              | OUTPUT    | LVCMOS25             |       | 12       | SLOW |              |          |          |
| high_mem_addr<14>                  | IOB              | OUTPUT    | LVCMOS25             |       | 12       | SLOW |              |          |          |
| high_mem_addr<15>                  | IOB              | OUTPUT    | LVCMOS25             |       | 12       | SLOW |              |          |          |
| high_mem_data<0>                   | IOB              | OUTPUT    | LVCMOS25             |       | 12       | SLOW |              |          |          |
| high_mem_data<1>                   | IOB              | OUTPUT    | LVCMOS25             |       | 12       | SLOW |              |          |          |
| high_mem_data<2>                   | IOB              | OUTPUT    | LVCMOS25             |       | 12       | SLOW |              |          |          |
| high_mem_data<3>                   | IOB              | OUTPUT    | LVCMOS25             |       | 12       | SLOW |              |          |          |
| high_mem_data<4>                   | IOB              | OUTPUT    | LVCMOS25             |       | 12       | SLOW |              |          |          |
| high_mem_data<5>                   | IOB              | OUTPUT    | LVCMOS25             |       | 12       | SLOW |              |          |          |
| high_mem_data<6>                   | IOB              | OUTPUT    | LVCMOS25             |       | 12       | SLOW |              |          |          |
| high_mem_data<7>                   | IOB              | OUTPUT    | LVCMOS25             |       | 12       | SLOW |              |          |          |
| instruction<0>                     | IOB              | OUTPUT    | LVCMOS25             |       | 12       | SLOW |              |          |          |
| instruction<1>                     | IOB              | OUTPUT    | LVCMOS25             |       | 12       | SLOW |              |          |          |
| instruction<2>                     | IOB              | OUTPUT    | LVCMOS25             |       | 12       | SLOW |              |          |          |
| instruction<3>                     | IOB              | OUTPUT    | LVCMOS25             |       | 12       | SLOW |              |          |          |
| instruction<4>                     | IOB              | OUTPUT    | LVCMOS25             |       | 12       | SLOW |              |          |          |
| instruction<5>                     | IOB              | OUTPUT    | LVCMOS25             |       | 12       | SLOW |              |          |          |
| instruction<6>                     | IOB              | OUTPUT    | LVCMOS25             |       | 12       | SLOW |              |          |          |
| instruction<7>                     | IOB              | OUTPUT    | LVCMOS25             |       | 12       | SLOW |              |          |          |
| mem_re                             | IOB              | OUTPUT    | LVCMOS25             |       | 12       | SLOW |              |          |          |
| mem_we                             | IOB              | OUTPUT    | LVCMOS25             |       | 12       | SLOW |              |          |          |
| regs_data<0>                       | IOB              | OUTPUT    | LVCMOS25             |       | 12       | SLOW |              |          |          |
| regs_data<1>                       | IOB              | OUTPUT    | LVCMOS25             |       | 12       | SLOW |              |          |          |
| regs_data<2>                       | IOB              | OUTPUT    | LVCMOS25             |       | 12       | SLOW |              |          |          |
| regs_data<3>                       | IOB              | OUTPUT    | LVCMOS25             |       | 12       | SLOW |              |          |          |
| regs_data<4>                       | IOB              | OUTPUT    | LVCMOS25             |       | 12       | SLOW |              |          |          |
| regs_data<5>                       | IOB              | OUTPUT    | LVCMOS25             |       | 12       | SLOW |              |          |          |
| regs_data<6>                       | IOB              | OUTPUT    | LVCMOS25             |       | 12       | SLOW |              |          |          |
| regs_data<7>                       | IOB              | OUTPUT    | LVCMOS25             |       | 12       | SLOW |              |          |          |
| regs_data<8>                       | IOB              | OUTPUT    | LVCMOS25             |       | 12       | SLOW |              |          |          |
| regs_data<9>                       | IOB              | OUTPUT    | LVCMOS25             |       | 12       | SLOW |              |          |          |
| regs_data<10>                      | IOB              | OUTPUT    | LVCMOS25             |       | 12       | SLOW |              |          |          |
| regs_data<11>                      | IOB              | OUTPUT    | LVCMOS25             |       | 12       | SLOW |              |          |          |
| regs_data<12>                      | IOB              | OUTPUT    | LVCMOS25             |       | 12       | SLOW |              |          |          |
| regs_data<13>                      | IOB              | OUTPUT    | LVCMOS25             |       | 12       | SLOW |              |          |          |
| regs_data<14>                      | IOB              | OUTPUT    | LVCMOS25             |       | 12       | SLOW |              |          |          |
| regs_data<15>                      | IOB              | OUTPUT    | LVCMOS25             |       | 12       | SLOW |              |          |          |
| regs_data<16>                      | IOB              | OUTPUT    | LVCMOS25             |       | 12       | SLOW |              |          |          |
| regs_data<17>                      | IOB              | OUTPUT    | LVCMOS25             |       | 12       | SLOW |              |          |          |
| regs_data<18>                      | IOB              | OUTPUT    | LVCMOS25             |       | 12       | SLOW |              |          |          |
| regs_data<19>                      | IOB              | OUTPUT    | LVCMOS25             |       | 12       | SLOW |              |          |          |
| regs_data<20>                      | IOB              | OUTPUT    | LVCMOS25             |       | 12       | SLOW |              |          |          |
| regs_data<21>                      | IOB              | OUTPUT    | LVCMOS25             |       | 12       | SLOW |              |          |          |
| regs_data<22>                      | IOB              | OUTPUT    | LVCMOS25             |       | 12       | SLOW |              |          |          |
| regs_data<23>                      | IOB              | OUTPUT    | LVCMOS25             |       | 12       | SLOW |              |          |          |
| regs_data<24>                      | IOB              | OUTPUT    | LVCMOS25             |       | 12       | SLOW |              |          |          |
| regs_data<25>                      | IOB              | OUTPUT    | LVCMOS25             |       | 12       | SLOW |              |          |          |
| regs_data<26>                      | IOB              | OUTPUT    | LVCMOS25             |       | 12       | SLOW |              |          |          |
| regs_data<27>                      | IOB              | OUTPUT    | LVCMOS25             |       | 12       | SLOW |              |          |          |
| regs_data<28>                      | IOB              | OUTPUT    | LVCMOS25             |       | 12       | SLOW |              |          |          |
| regs_data<29>                      | IOB              | OUTPUT    | LVCMOS25             |       | 12       | SLOW |              |          |          |
| regs_data<30>                      | IOB              | OUTPUT    | LVCMOS25             |       | 12       | SLOW |              |          |          |
| regs_data<31>                      | IOB              | OUTPUT    | LVCMOS25             |       | 12       | SLOW |              |          |          |
| regs_data<32>                      | IOB              | OUTPUT    | LVCMOS25             |       | 12       | SLOW |              |          |          |
| regs_data<33>                      | IOB              | OUTPUT    | LVCMOS25             |       | 12       | SLOW |              |          |          |
| regs_data<34>                      | IOB              | OUTPUT    | LVCMOS25             |       | 12       | SLOW |              |          |          |
| regs_data<35>                      | IOB              | OUTPUT    | LVCMOS25             |       | 12       | SLOW |              |          |          |
| regs_data<36>                      | IOB              | OUTPUT    | LVCMOS25             |       | 12       | SLOW |              |          |          |
| regs_data<37>                      | IOB              | OUTPUT    | LVCMOS25             |       | 12       | SLOW |              |          |          |
| regs_data<38>                      | IOB              | OUTPUT    | LVCMOS25             |       | 12       | SLOW |              |          |          |
| regs_data<39>                      | IOB              | OUTPUT    | LVCMOS25             |       | 12       | SLOW |              |          |          |
| regs_data<40>                      | IOB              | OUTPUT    | LVCMOS25             |       | 12       | SLOW |              |          |          |
| regs_data<41>                      | IOB              | OUTPUT    | LVCMOS25             |       | 12       | SLOW |              |          |          |
| regs_data<42>                      | IOB              | OUTPUT    | LVCMOS25             |       | 12       | SLOW |              |          |          |
| regs_data<43>                      | IOB              | OUTPUT    | LVCMOS25             |       | 12       | SLOW |              |          |          |
| regs_data<44>                      | IOB              | OUTPUT    | LVCMOS25             |       | 12       | SLOW |              |          |          |
| regs_data<45>                      | IOB              | OUTPUT    | LVCMOS25             |       | 12       | SLOW |              |          |          |
| regs_data<46>                      | IOB              | OUTPUT    | LVCMOS25             |       | 12       | SLOW |              |          |          |
| regs_data<47>                      | IOB              | OUTPUT    | LVCMOS25             |       | 12       | SLOW |              |          |          |
| regs_data<48>                      | IOB              | OUTPUT    | LVCMOS25             |       | 12       | SLOW |              |          |          |
| regs_data<49>                      | IOB              | OUTPUT    | LVCMOS25             |       | 12       | SLOW |              |          |          |
| regs_data<50>                      | IOB              | OUTPUT    | LVCMOS25             |       | 12       | SLOW |              |          |          |
| regs_data<51>                      | IOB              | OUTPUT    | LVCMOS25             |       | 12       | SLOW |              |          |          |
| regs_data<52>                      | IOB              | OUTPUT    | LVCMOS25             |       | 12       | SLOW |              |          |          |
| regs_data<53>                      | IOB              | OUTPUT    | LVCMOS25             |       | 12       | SLOW |              |          |          |
| regs_data<54>                      | IOB              | OUTPUT    | LVCMOS25             |       | 12       | SLOW |              |          |          |
| regs_data<55>                      | IOB              | OUTPUT    | LVCMOS25             |       | 12       | SLOW |              |          |          |
| regs_data<56>                      | IOB              | OUTPUT    | LVCMOS25             |       | 12       | SLOW |              |          |          |
| regs_data<57>                      | IOB              | OUTPUT    | LVCMOS25             |       | 12       | SLOW |              |          |          |
| regs_data<58>                      | IOB              | OUTPUT    | LVCMOS25             |       | 12       | SLOW |              |          |          |
| regs_data<59>                      | IOB              | OUTPUT    | LVCMOS25             |       | 12       | SLOW |              |          |          |
| regs_data<60>                      | IOB              | OUTPUT    | LVCMOS25             |       | 12       | SLOW |              |          |          |
| regs_data<61>                      | IOB              | OUTPUT    | LVCMOS25             |       | 12       | SLOW |              |          |          |
| regs_data<62>                      | IOB              | OUTPUT    | LVCMOS25             |       | 12       | SLOW |              |          |          |
| regs_data<63>                      | IOB              | OUTPUT    | LVCMOS25             |       | 12       | SLOW |              |          |          |
| regs_data<64>                      | IOB              | OUTPUT    | LVCMOS25             |       | 12       | SLOW |              |          |          |
| regs_data<65>                      | IOB              | OUTPUT    | LVCMOS25             |       | 12       | SLOW |              |          |          |
| regs_data<66>                      | IOB              | OUTPUT    | LVCMOS25             |       | 12       | SLOW |              |          |          |
| regs_data<67>                      | IOB              | OUTPUT    | LVCMOS25             |       | 12       | SLOW |              |          |          |
| regs_data<68>                      | IOB              | OUTPUT    | LVCMOS25             |       | 12       | SLOW |              |          |          |
| regs_data<69>                      | IOB              | OUTPUT    | LVCMOS25             |       | 12       | SLOW |              |          |          |
| regs_data<70>                      | IOB              | OUTPUT    | LVCMOS25             |       | 12       | SLOW |              |          |          |
| regs_data<71>                      | IOB              | OUTPUT    | LVCMOS25             |       | 12       | SLOW |              |          |          |
| regs_data<72>                      | IOB              | OUTPUT    | LVCMOS25             |       | 12       | SLOW |              |          |          |
| regs_data<73>                      | IOB              | OUTPUT    | LVCMOS25             |       | 12       | SLOW |              |          |          |
| regs_data<74>                      | IOB              | OUTPUT    | LVCMOS25             |       | 12       | SLOW |              |          |          |
| regs_data<75>                      | IOB              | OUTPUT    | LVCMOS25             |       | 12       | SLOW |              |          |          |
| regs_data<76>                      | IOB              | OUTPUT    | LVCMOS25             |       | 12       | SLOW |              |          |          |
| regs_data<77>                      | IOB              | OUTPUT    | LVCMOS25             |       | 12       | SLOW |              |          |          |
| regs_data<78>                      | IOB              | OUTPUT    | LVCMOS25             |       | 12       | SLOW |              |          |          |
| regs_data<79>                      | IOB              | OUTPUT    | LVCMOS25             |       | 12       | SLOW |              |          |          |
| reset                              | IOB              | INPUT     | LVCMOS25             |       |          |      |              |          |          |
+---------------------------------------------------------------------------------------------------------------------------------------------------------+

Section 7 - RPMs
----------------

Section 8 - Guide Report
------------------------
Guide not run on this design.

Section 9 - Area Group and Partition Summary
--------------------------------------------

Partition Implementation Status
-------------------------------

  No Partitions were found in this design.

-------------------------------

Area Group Information
----------------------

  No area groups were found in this design.

----------------------

Section 10 - Timing Report
--------------------------
A logic-level (pre-route) timing report can be generated by using Xilinx static
timing analysis tools, Timing Analyzer (GUI) or TRCE (command line), with the
mapped NCD and PCF files. Please note that this timing report will be generated
using estimated delay information. For accurate numbers, please generate a
timing report with the post Place and Route NCD file.

For more information about the Timing Analyzer, consult the Xilinx Timing
Analyzer Reference Manual; for more information about TRCE, consult the Xilinx
Command Line Tools User Guide "TRACE" chapter.

Section 11 - Configuration String Details
-----------------------------------------
Use the "-detail" map option to print out Configuration Strings

Section 12 - Control Set Information
------------------------------------
Use the "-detail" map option to print out Control Set Information.

Section 13 - Utilization by Hierarchy
-------------------------------------
Use the "-detail" map option to print out the Utilization by Hierarchy section.
