Release 14.7 - xst P.20131013 (nt64)
Copyright (c) 1995-2013 Xilinx, Inc.  All rights reserved.
--> Parameter TMPDIR set to xst/projnav.tmp


Total REAL time to Xst completion: 0.00 secs
Total CPU time to Xst completion: 0.07 secs
 
--> Parameter xsthdpdir set to xst


Total REAL time to Xst completion: 0.00 secs
Total CPU time to Xst completion: 0.07 secs
 
--> Reading design: lcd_top.prj

TABLE OF CONTENTS
  1) Synthesis Options Summary
  2) HDL Compilation
  3) Design Hierarchy Analysis
  4) HDL Analysis
  5) HDL Synthesis
     5.1) HDL Synthesis Report
  6) Advanced HDL Synthesis
     6.1) Advanced HDL Synthesis Report
  7) Low Level Synthesis
  8) Partition Report
  9) Final Report
	9.1) Device utilization summary
	9.2) Partition Resource Summary
	9.3) TIMING REPORT


=========================================================================
*                      Synthesis Options Summary                        *
=========================================================================
---- Source Parameters
Input File Name                    : "lcd_top.prj"
Input Format                       : mixed
Ignore Synthesis Constraint File   : NO

---- Target Parameters
Output File Name                   : "lcd_top"
Output Format                      : NGC
Target Device                      : xc5vlx110t-2-ff1136

---- Source Options
Top Module Name                    : lcd_top
Automatic FSM Extraction           : YES
FSM Encoding Algorithm             : Auto
Safe Implementation                : No
FSM Style                          : LUT
RAM Extraction                     : Yes
RAM Style                          : Auto
ROM Extraction                     : Yes
Mux Style                          : Auto
Decoder Extraction                 : YES
Priority Encoder Extraction        : Yes
Shift Register Extraction          : YES
Logical Shifter Extraction         : YES
XOR Collapsing                     : YES
ROM Style                          : Auto
Mux Extraction                     : Yes
Resource Sharing                   : YES
Asynchronous To Synchronous        : NO
Use DSP Block                      : Auto
Automatic Register Balancing       : No

---- Target Options
LUT Combining                      : Auto
Reduce Control Sets                : Auto
Add IO Buffers                     : YES
Global Maximum Fanout              : 100000
Add Generic Clock Buffer(BUFG)     : 32
Register Duplication               : YES
Slice Packing                      : YES
Optimize Instantiated Primitives   : NO
Use Clock Enable                   : Auto
Use Synchronous Set                : Auto
Use Synchronous Reset              : Auto
Pack IO Registers into IOBs        : Auto
Equivalent register Removal        : YES

---- General Options
Optimization Goal                  : Speed
Optimization Effort                : 1
Power Reduction                    : NO
Keep Hierarchy                     : No
Netlist Hierarchy                  : As_Optimized
RTL Output                         : Yes
Global Optimization                : AllClockNets
Read Cores                         : YES
Write Timing Constraints           : NO
Cross Clock Analysis               : NO
Hierarchy Separator                : /
Bus Delimiter                      : <>
Case Specifier                     : Maintain
Slice Utilization Ratio            : 100
BRAM Utilization Ratio             : 100
DSP48 Utilization Ratio            : 100
Verilog 2001                       : YES
Auto BRAM Packing                  : NO
Slice Utilization Ratio Delta      : 5

=========================================================================


=========================================================================
*                          HDL Compilation                              *
=========================================================================
Compiling verilog file "../src/testFSM.v" in library work
Compiling verilog file "../src/lcd_control.v" in library work
Module <testFSM> compiled
Compiling verilog file "../src/chipInterface.v" in library work
Module <lcd_control> compiled
Module <lcd_top> compiled
No errors in compilation
Analysis of file <"lcd_top.prj"> succeeded.
 

=========================================================================
*                     Design Hierarchy Analysis                         *
=========================================================================
Analyzing hierarchy for module <lcd_top> in library <work>.

Analyzing hierarchy for module <lcd_control> in library <work>.

Analyzing hierarchy for module <testFSM> in library <work>.


=========================================================================
*                            HDL Analysis                               *
=========================================================================
Analyzing top module <lcd_top>.
Module <lcd_top> is correct for synthesis.
 
Analyzing module <lcd_control> in library <work>.
Module <lcd_control> is correct for synthesis.
 
Analyzing module <testFSM> in library <work>.
Module <testFSM> is correct for synthesis.
 

=========================================================================
*                           HDL Synthesis                               *
=========================================================================

Performing bidirectional port resolution...

Synthesizing Unit <lcd_control>.
    Related source file is "../src/lcd_control.v".
WARNING:Xst:646 - Signal <temp2> is assigned but never used. This unconnected signal will be trimmed during the optimization process.
WARNING:Xst:646 - Signal <temp1> is assigned but never used. This unconnected signal will be trimmed during the optimization process.
    Found finite state machine <FSM_0> for signal <state>.
    -----------------------------------------------------------------------
    | States             | 19                                             |
    | Transitions        | 39                                             |
    | Inputs             | 8                                              |
    | Outputs            | 19                                             |
    | Clock              | clk                       (rising_edge)        |
    | Reset              | rst                       (positive)           |
    | Reset type         | synchronous                                    |
    | Reset State        | 000000                                         |
    | Encoding           | automatic                                      |
    | Implementation     | LUT                                            |
    -----------------------------------------------------------------------
    Found 4-bit register for signal <sf_d>.
    Found 25-bit comparator greater for signal <control$cmp_gt0000> created at line 117.
    Found 25-bit comparator greater for signal <control$cmp_gt0001> created at line 119.
    Found 25-bit comparator lessequal for signal <control$cmp_le0000> created at line 117.
    Found 25-bit comparator lessequal for signal <control$cmp_le0001> created at line 119.
    Found 25-bit comparator lessequal for signal <control$cmp_le0002> created at line 290.
    Found 25-bit comparator lessequal for signal <control$cmp_le0003> created at line 300.
    Found 25-bit comparator lessequal for signal <control$cmp_le0004> created at line 147.
    Found 25-bit register for signal <count>.
    Found 25-bit up counter for signal <count_temp>.
    Found 25-bit comparator greatequal for signal <state$cmp_ge0000> created at line 109.
    Found 25-bit comparator greatequal for signal <state$cmp_ge0001> created at line 239.
    Summary:
	inferred   1 Finite State Machine(s).
	inferred   1 Counter(s).
	inferred  29 D-type flip-flop(s).
	inferred   9 Comparator(s).
Unit <lcd_control> synthesized.


Synthesizing Unit <testFSM>.
    Related source file is "../src/testFSM.v".
    Found finite state machine <FSM_1> for signal <state>.
    -----------------------------------------------------------------------
    | States             | 19                                             |
    | Transitions        | 29                                             |
    | Inputs             | 3                                              |
    | Outputs            | 9                                              |
    | Clock              | clkFSM                    (rising_edge)        |
    | Reset              | resetFSM                  (positive)           |
    | Reset type         | synchronous                                    |
    | Reset State        | 000000                                         |
    | Encoding           | automatic                                      |
    | Implementation     | LUT                                            |
    -----------------------------------------------------------------------
    Summary:
	inferred   1 Finite State Machine(s).
Unit <testFSM> synthesized.


Synthesizing Unit <lcd_top>.
    Related source file is "../src/chipInterface.v".
Unit <lcd_top> synthesized.


=========================================================================
HDL Synthesis Report

Macro Statistics
# Counters                                             : 1
 25-bit up counter                                     : 1
# Registers                                            : 2
 25-bit register                                       : 1
 4-bit register                                        : 1
# Comparators                                          : 9
 25-bit comparator greatequal                          : 2
 25-bit comparator greater                             : 2
 25-bit comparator lessequal                           : 5
# Xors                                                 : 1
 4-bit xor2                                            : 1

=========================================================================

=========================================================================
*                       Advanced HDL Synthesis                          *
=========================================================================

Analyzing FSM <FSM_1> for best encoding.
Optimizing FSM <myTestFsm/state/FSM> on signal <state[1:5]> with gray encoding.
--------------------
 State  | Encoding
--------------------
 000000 | 00000
 000001 | 00001
 000010 | 00010
 000011 | 00111
 000100 | 00100
 000101 | 01101
 000110 | 01010
 000111 | 01001
 001000 | 11000
 011111 | 01110
 100001 | 00011
 100010 | 00110
 100011 | 00101
 100100 | 01100
 100101 | 01111
 100110 | 01011
 100111 | 01000
 101000 | 11001
 111111 | 11011
--------------------
Analyzing FSM <FSM_0> for best encoding.
Optimizing FSM <lcd/state/FSM> on signal <state[1:19]> with one-hot encoding.
-------------------------------
 State  | Encoding
-------------------------------
 000000 | 0000000000000000001
 000001 | 0000000000000000010
 000010 | 0000000000000000100
 000011 | 0000000000000001000
 000100 | 0000000000000010000
 000101 | 0000000000000100000
 000110 | 0000000000010000000
 000111 | 0000000001000000000
 001000 | 0000000100000000000
 001001 | 0010000000000000000
 001011 | 0100000000000000000
 001110 | 0000100000000000000
 010000 | 0000010000000000000
 100101 | 0000000000001000000
 100110 | 0000000000100000000
 100111 | 0000000010000000000
 101000 | 0000001000000000000
 101011 | 1000000000000000000
 101110 | 0001000000000000000
-------------------------------

=========================================================================
Advanced HDL Synthesis Report

Macro Statistics
# FSMs                                                 : 2
# Counters                                             : 1
 25-bit up counter                                     : 1
# Registers                                            : 29
 Flip-Flops                                            : 29
# Comparators                                          : 9
 25-bit comparator greatequal                          : 2
 25-bit comparator greater                             : 2
 25-bit comparator lessequal                           : 5
# Xors                                                 : 1
 4-bit xor2                                            : 1

=========================================================================

=========================================================================
*                         Low Level Synthesis                           *
=========================================================================

Optimizing unit <lcd_top> ...

Optimizing unit <lcd_control> ...

Mapping all equations...
Building and optimizing final netlist ...
Found area constraint ratio of 100 (+ 5) on block lcd_top, actual ratio is 0.

Final Macro Processing ...

=========================================================================
Final Register Report

Macro Statistics
# Registers                                            : 78
 Flip-Flops                                            : 78

=========================================================================

=========================================================================
*                           Partition Report                            *
=========================================================================

Partition Implementation Status
-------------------------------

  No Partitions were found in this design.

-------------------------------

=========================================================================
*                            Final Report                               *
=========================================================================
Final Results
RTL Top Level Output File Name     : lcd_top.ngr
Top Level Output File Name         : lcd_top
Output Format                      : NGC
Optimization Goal                  : Speed
Keep Hierarchy                     : No

Design Statistics
# IOs                              : 25

Cell Usage :
# BELS                             : 231
#      GND                         : 1
#      INV                         : 1
#      LUT1                        : 25
#      LUT2                        : 37
#      LUT3                        : 3
#      LUT4                        : 29
#      LUT5                        : 37
#      LUT6                        : 37
#      MUXCY                       : 34
#      MUXF7                       : 1
#      VCC                         : 1
#      XORCY                       : 25
# FlipFlops/Latches                : 78
#      FD                          : 54
#      FDR                         : 21
#      FDRS                        : 2
#      FDS                         : 1
# Clock Buffers                    : 1
#      BUFGP                       : 1
# IO Buffers                       : 24
#      IBUF                        : 12
#      OBUF                        : 12
=========================================================================

Device utilization summary:
---------------------------

Selected Device : 5vlx110tff1136-2 


Slice Logic Utilization: 
 Number of Slice Registers:              78  out of  69120     0%  
 Number of Slice LUTs:                  169  out of  69120     0%  
    Number used as Logic:               169  out of  69120     0%  

Slice Logic Distribution: 
 Number of LUT Flip Flop pairs used:    185
   Number with an unused Flip Flop:     107  out of    185    57%  
   Number with an unused LUT:            16  out of    185     8%  
   Number of fully used LUT-FF pairs:    62  out of    185    33%  
   Number of unique control sets:         4

IO Utilization: 
 Number of IOs:                          25
 Number of bonded IOBs:                  25  out of    640     3%  

Specific Feature Utilization:
 Number of BUFG/BUFGCTRLs:                1  out of     32     3%  

---------------------------
Partition Resource Summary:
---------------------------

  No Partitions were found in this design.

---------------------------


=========================================================================
TIMING REPORT

NOTE: THESE TIMING NUMBERS ARE ONLY A SYNTHESIS ESTIMATE.
      FOR ACCURATE TIMING INFORMATION PLEASE REFER TO THE TRACE REPORT
      GENERATED AFTER PLACE-and-ROUTE.

Clock Information:
------------------
-----------------------------------+------------------------+-------+
Clock Signal                       | Clock buffer(FF name)  | Load  |
-----------------------------------+------------------------+-------+
USER_CLK                           | BUFGP                  | 78    |
-----------------------------------+------------------------+-------+

Asynchronous Control Signals Information:
----------------------------------------
No asynchronous control signals found in this design

Timing Summary:
---------------
Speed Grade: -2

   Minimum period: 3.946ns (Maximum Frequency: 253.405MHz)
   Minimum input arrival time before clock: 3.462ns
   Maximum output required time after clock: 6.934ns
   Maximum combinational path delay: 3.696ns

Timing Detail:
--------------
All values displayed in nanoseconds (ns)

=========================================================================
Timing constraint: Default period analysis for Clock 'USER_CLK'
  Clock period: 3.946ns (frequency: 253.405MHz)
  Total number of paths / destination ports: 7413 / 80
-------------------------------------------------------------------------
Delay:               3.946ns (Levels of Logic = 6)
  Source:            myTestFsm/state_FSM_FFd2 (FF)
  Destination:       lcd/count_temp_24 (FF)
  Source Clock:      USER_CLK rising
  Destination Clock: USER_CLK rising

  Data Path: myTestFsm/state_FSM_FFd2 to lcd/count_temp_24
                                Gate     Net
    Cell:in->out      fanout   Delay   Delay  Logical Name (Net Name)
    ----------------------------------------  ------------
     FDRS:C->Q            15   0.396   0.884  myTestFsm/state_FSM_FFd2 (myTestFsm/state_FSM_FFd2)
     LUT5:I0->O            3   0.086   0.421  myTestFsm/state_FSM_Out01 (writeStart)
     LUT4:I3->O            3   0.086   0.671  lcd/count_temp_or00005 (lcd/count_temp_or00005)
     LUT6:I2->O            1   0.086   0.000  lcd/count_temp_or000025_SW1_G (N62)
     MUXF7:I1->O           1   0.214   0.412  lcd/count_temp_or000025_SW1 (N57)
     LUT6:I5->O           25   0.086   0.519  lcd/count_temp_or000061 (lcd/count_temp_or0000)
     LUT2:I1->O            1   0.086   0.000  lcd/count_temp_24_rstpot (lcd/count_temp_24_rstpot)
     FD:D                     -0.022          lcd/count_temp_24
    ----------------------------------------
    Total                      3.946ns (1.040ns logic, 2.906ns route)
                                       (26.4% logic, 73.6% route)

=========================================================================
Timing constraint: Default OFFSET IN BEFORE for Clock 'USER_CLK'
  Total number of paths / destination ports: 177 / 52
-------------------------------------------------------------------------
Offset:              3.462ns (Levels of Logic = 6)
  Source:            GPIO_SW_E (PAD)
  Destination:       lcd/count_temp_24 (FF)
  Destination Clock: USER_CLK rising

  Data Path: GPIO_SW_E to lcd/count_temp_24
                                Gate     Net
    Cell:in->out      fanout   Delay   Delay  Logical Name (Net Name)
    ----------------------------------------  ------------
     IBUF:I->O             3   0.694   0.609  GPIO_SW_E_IBUF (GPIO_SW_E_IBUF)
     LUT4:I1->O            3   0.086   0.671  lcd/count_temp_or00005 (lcd/count_temp_or00005)
     LUT6:I2->O            1   0.086   0.000  lcd/count_temp_or000025_SW1_G (N62)
     MUXF7:I1->O           1   0.214   0.412  lcd/count_temp_or000025_SW1 (N57)
     LUT6:I5->O           25   0.086   0.519  lcd/count_temp_or000061 (lcd/count_temp_or0000)
     LUT2:I1->O            1   0.086   0.000  lcd/count_temp_24_rstpot (lcd/count_temp_24_rstpot)
     FD:D                     -0.022          lcd/count_temp_24
    ----------------------------------------
    Total                      3.462ns (1.252ns logic, 2.210ns route)
                                       (36.2% logic, 63.8% route)

=========================================================================
Timing constraint: Default OFFSET OUT AFTER for Clock 'USER_CLK'
  Total number of paths / destination ports: 185 / 6
-------------------------------------------------------------------------
Offset:              6.934ns (Levels of Logic = 7)
  Source:            lcd/count_4 (FF)
  Destination:       LCD_FPGA_E (PAD)
  Source Clock:      USER_CLK rising

  Data Path: lcd/count_4 to LCD_FPGA_E
                                Gate     Net
    Cell:in->out      fanout   Delay   Delay  Logical Name (Net Name)
    ----------------------------------------  ------------
     FD:C->Q              12   0.396   0.952  lcd/count_4 (lcd/count_4)
     LUT6:I0->O            1   0.086   0.412  lcd/state_cmp_eq00001_SW1 (N44)
     LUT6:I5->O            3   0.086   0.421  lcd/state_cmp_eq0001110 (lcd/N5)
     LUT6:I5->O            3   0.086   0.421  lcd/state_cmp_eq00021 (lcd/N7)
     LUT6:I5->O           17   0.086   0.975  lcd/state_cmp_eq00022 (lcd/state_cmp_eq0002)
     LUT6:I0->O            1   0.086   0.412  lcd/control<0>_SW0 (N31)
     LUT6:I5->O            1   0.086   0.286  lcd/control<0> (LCD_FPGA_E_OBUF)
     OBUF:I->O                 2.144          LCD_FPGA_E_OBUF (LCD_FPGA_E)
    ----------------------------------------
    Total                      6.934ns (3.056ns logic, 3.878ns route)
                                       (44.1% logic, 55.9% route)

=========================================================================
Timing constraint: Default path analysis
  Total number of paths / destination ports: 8 / 4
-------------------------------------------------------------------------
Delay:               3.696ns (Levels of Logic = 3)
  Source:            GPIO_DIP_SW5 (PAD)
  Destination:       GPIO_LED_0 (PAD)

  Data Path: GPIO_DIP_SW5 to GPIO_LED_0
                                Gate     Net
    Cell:in->out      fanout   Delay   Delay  Logical Name (Net Name)
    ----------------------------------------  ------------
     IBUF:I->O             1   0.694   0.487  GPIO_DIP_SW5_IBUF (GPIO_DIP_SW5_IBUF)
     LUT2:I0->O            1   0.086   0.286  Mxor__AUX_1_Result<3>1 (GPIO_LED_0_OBUF)
     OBUF:I->O                 2.144          GPIO_LED_0_OBUF (GPIO_LED_0)
    ----------------------------------------
    Total                      3.696ns (2.924ns logic, 0.772ns route)
                                       (79.1% logic, 20.9% route)

=========================================================================


Total REAL time to Xst completion: 6.00 secs
Total CPU time to Xst completion: 5.71 secs
 
--> 

Total memory usage is 288328 kilobytes

Number of errors   :    0 (   0 filtered)
Number of warnings :    2 (   0 filtered)
Number of infos    :    0 (   0 filtered)

