INFO:sim:172 - Generating IP...
Resolving generics for 'bram'...
Applying external generics to 'bram'...
Delivering associated files for 'bram'...
WARNING:sim - Component blk_mem_gen_v7_2 does not have a valid model name for
   Verilog synthesis
Delivering EJava files for 'bram'...
Generating implementation netlist for 'bram'...
INFO:sim - Pre-processing HDL files for 'bram'...
Running synthesis for 'bram'
Running ngcbuild...
Writing VEO instantiation template for 'bram'...
Writing Verilog instantiation wrapper for 'bram'...
Writing Verilog behavioral simulation model for 'bram'...
WARNING:sim - No files were found for the view xilinx_documentation
Generating ASY schematic symbol...
INFO:sim:949 - Finished generation of ASY schematic symbol.
Generating SYM schematic symbol for 'bram'...
Generating metadata file...
Generating ISE project file for 'bram'...
Generating ISE project...
XCO file found: bram.xco
XMDF file found: bram_xmdf.tcl
Adding
/afs/ece.cmu.edu/usr/jkleung1/Private/18545/gbc/memory/bram_core2/bram_core/ipco
re_dir/tmp/_cg/bram.asy -view all -origin_type imported
Adding
/afs/ece.cmu.edu/usr/jkleung1/Private/18545/gbc/memory/bram_core2/bram_core/ipco
re_dir/tmp/_cg/bram.ngc -view all -origin_type created
Checking file
"/afs/ece.cmu.edu/usr/jkleung1/Private/18545/gbc/memory/bram_core2/bram_core/ipc
ore_dir/tmp/_cg/bram.ngc" for project device match ...
File
"/afs/ece.cmu.edu/usr/jkleung1/Private/18545/gbc/memory/bram_core2/bram_core/ipc
ore_dir/tmp/_cg/bram.ngc" device information matches project device.
Adding
/afs/ece.cmu.edu/usr/jkleung1/Private/18545/gbc/memory/bram_core2/bram_core/ipco
re_dir/tmp/_cg/bram.sym -view all -origin_type imported
Adding
/afs/ece.cmu.edu/usr/jkleung1/Private/18545/gbc/memory/bram_core2/bram_core/ipco
re_dir/tmp/_cg/bram.v -view all -origin_type created
INFO:HDLCompiler:1845 - Analyzing Verilog file
   "/afs/ece.cmu.edu/usr/jkleung1/Private/18545/gbc/memory/bram_core2/bram_core/
   ipcore_dir/tmp/_cg/bram.v" into library work
INFO:ProjectMgmt - Parsing design hierarchy completed successfully.
Adding
/afs/ece.cmu.edu/usr/jkleung1/Private/18545/gbc/memory/bram_core2/bram_core/ipco
re_dir/tmp/_cg/bram.veo -view all -origin_type imported
Adding
/afs/ece.cmu.edu/usr/jkleung1/Private/18545/gbc/memory/bram_core2/bram_core/ipco
re_dir/tmp/_cg/bram_synth.v -view all -origin_type created
INFO:HDLCompiler:1845 - Analyzing Verilog file
   "/afs/ece.cmu.edu/usr/jkleung1/Private/18545/gbc/memory/bram_core2/bram_core/
   ipcore_dir/tmp/_cg/bram_synth.v" into library work
INFO:ProjectMgmt - Parsing design hierarchy completed successfully.
INFO:TclTasksC:2116 - The automatic calculation of top has been turned-off.
   Please set the new top explicitly by running the "project set top" command.
   To re-calculate the new top automatically, set the "Auto Implementation Top"
   property to true.
Top level has been set to "/bram"
Generating README file...
Generating FLIST file...
INFO:sim:948 - Finished FLIST file generation.
Launching README viewer...
Moving files to output directory...
Finished moving files to output directory
Wrote CGP file for project 'bram'.
